[    0.000000] Initializing cgroup subsys cpuset
[    0.000000] Initializing cgroup subsys cpu
[    0.000000] Initializing cgroup subsys cpuacct
[    0.000000] Linux version 4.4.0-148-generic (buildd@lgw01-amd64-031) (gcc version 5.4.0 20160609 (Ubuntu 5.4.0-6ubuntu1~16.04.10) ) #174-Ubuntu SMP Tue May 7 12:20:14 UTC 2019 (Ubuntu 4.4.0-148.174-generic 4.4.177)
[    0.000000] Command line: BOOT_IMAGE=/boot/vmlinuz-4.4.0-148-generic root=LABEL=cloudimg-rootfs ro console=tty1 console=ttyS0
[    0.000000] KERNEL supported cpus:
[    0.000000]   Intel GenuineIntel
[    0.000000]   AMD AuthenticAMD
[    0.000000]   Centaur CentaurHauls
[    0.000000] x86/fpu: xstate_offset[2]:  576, xstate_sizes[2]:  256
[    0.000000] x86/fpu: Supporting XSAVE feature 0x01: 'x87 floating point registers'
[    0.000000] x86/fpu: Supporting XSAVE feature 0x02: 'SSE registers'
[    0.000000] x86/fpu: Supporting XSAVE feature 0x04: 'AVX registers'
[    0.000000] x86/fpu: Enabled xstate features 0x7, context size is 832 bytes, using 'standard' format.
[    0.000000] e820: BIOS-provided physical RAM map:
[    0.000000] BIOS-e820: [mem 0x0000000000000000-0x000000000009fbff] usable
[    0.000000] BIOS-e820: [mem 0x000000000009fc00-0x000000000009ffff] reserved
[    0.000000] BIOS-e820: [mem 0x00000000000f0000-0x00000000000fffff] reserved
[    0.000000] BIOS-e820: [mem 0x0000000000100000-0x000000003ffeffff] usable
[    0.000000] BIOS-e820: [mem 0x000000003fff0000-0x000000003fffffff] ACPI data
[    0.000000] BIOS-e820: [mem 0x00000000fec00000-0x00000000fec00fff] reserved
[    0.000000] BIOS-e820: [mem 0x00000000fee00000-0x00000000fee00fff] reserved
[    0.000000] BIOS-e820: [mem 0x00000000fffc0000-0x00000000ffffffff] reserved
[    0.000000] NX (Execute Disable) protection: active
[    0.000000] SMBIOS 2.5 present.
[    0.000000] Hypervisor detected: KVM
[    0.000000] e820: last_pfn = 0x3fff0 max_arch_pfn = 0x400000000
[    0.000000] MTRR: Disabled
[    0.000000] x86/PAT: MTRRs disabled, skipping PAT initialization too.
[    0.000000] CPU MTRRs all blank - virtualized system.
[    0.000000] x86/PAT: Configuration [0-7]: WB  WT  UC- UC  WB  WT  UC- UC  
[    0.000000] found SMP MP-table at [mem 0x0009fff0-0x0009ffff] mapped at [ffff88000009fff0]
[    0.000000] Scanning 1 areas for low memory corruption
[    0.000000] RAMDISK: [mem 0x362fa000-0x37174fff]
[    0.000000] ACPI: Early table checksum verification disabled
[    0.000000] ACPI: RSDP 0x00000000000E0000 000024 (v02 VBOX  )
[    0.000000] ACPI: XSDT 0x000000003FFF0030 00003C (v01 VBOX   VBOXXSDT 00000001 ASL  00000061)
[    0.000000] ACPI: FACP 0x000000003FFF00F0 0000F4 (v04 VBOX   VBOXFACP 00000001 ASL  00000061)
[    0.000000] ACPI: DSDT 0x000000003FFF0470 0022EA (v02 VBOX   VBOXBIOS 00000002 INTL 20100528)
[    0.000000] ACPI: FACS 0x000000003FFF0200 000040
[    0.000000] ACPI: FACS 0x000000003FFF0200 000040
[    0.000000] ACPI: APIC 0x000000003FFF0240 00005C (v02 VBOX   VBOXAPIC 00000001 ASL  00000061)
[    0.000000] ACPI: SSDT 0x000000003FFF02A0 0001CC (v01 VBOX   VBOXCPUT 00000002 INTL 20100528)
[    0.000000] No NUMA configuration found
[    0.000000] Faking a node at [mem 0x0000000000000000-0x000000003ffeffff]
[    0.000000] NODE_DATA(0) allocated [mem 0x3ffeb000-0x3ffeffff]
[    0.000000] kvm-clock: Using msrs 4b564d01 and 4b564d00
[    0.000000] kvm-clock: cpu 0, msr 0:3ffe3001, primary cpu clock
[    0.000000] kvm-clock: using sched offset of 3586656956 cycles
[    0.000000] clocksource: kvm-clock: mask: 0xffffffffffffffff max_cycles: 0x1cd42e4dffb, max_idle_ns: 881590591483 ns
[    0.000000] Zone ranges:
[    0.000000]   DMA      [mem 0x0000000000001000-0x0000000000ffffff]
[    0.000000]   DMA32    [mem 0x0000000001000000-0x000000003ffeffff]
[    0.000000]   Normal   empty
[    0.000000]   Device   empty
[    0.000000] Movable zone start for each node
[    0.000000] Early memory node ranges
[    0.000000]   node   0: [mem 0x0000000000001000-0x000000000009efff]
[    0.000000]   node   0: [mem 0x0000000000100000-0x000000003ffeffff]
[    0.000000] Initmem setup node 0 [mem 0x0000000000001000-0x000000003ffeffff]
[    0.000000] ACPI: PM-Timer IO Port: 0x4008
[    0.000000] IOAPIC[0]: apic_id 2, version 32, address 0xfec00000, GSI 0-23
[    0.000000] ACPI: INT_SRC_OVR (bus 0 bus_irq 0 global_irq 2 dfl dfl)
[    0.000000] ACPI: INT_SRC_OVR (bus 0 bus_irq 9 global_irq 9 low level)
[    0.000000] Using ACPI (MADT) for SMP configuration information
[    0.000000] smpboot: Allowing 2 CPUs, 0 hotplug CPUs
[    0.000000] PM: Registered nosave memory: [mem 0x00000000-0x00000fff]
[    0.000000] PM: Registered nosave memory: [mem 0x0009f000-0x0009ffff]
[    0.000000] PM: Registered nosave memory: [mem 0x000a0000-0x000effff]
[    0.000000] PM: Registered nosave memory: [mem 0x000f0000-0x000fffff]
[    0.000000] e820: [mem 0x40000000-0xfebfffff] available for PCI devices
[    0.000000] Booting paravirtualized kernel on KVM
[    0.000000] clocksource: refined-jiffies: mask: 0xffffffff max_cycles: 0xffffffff, max_idle_ns: 7645519600211568 ns
[    0.000000] setup_percpu: NR_CPUS:512 nr_cpumask_bits:512 nr_cpu_ids:2 nr_node_ids:1
[    0.000000] PERCPU: Embedded 34 pages/cpu @ffff88003fc00000 s99480 r8192 d31592 u1048576
[    0.000000] Built 1 zonelists in Node order, mobility grouping on.  Total pages: 257912
[    0.000000] Policy zone: DMA32
[    0.000000] Kernel command line: BOOT_IMAGE=/boot/vmlinuz-4.4.0-148-generic root=LABEL=cloudimg-rootfs ro console=tty1 console=ttyS0
[    0.000000] PID hash table entries: 4096 (order: 3, 32768 bytes)
[    0.000000] Memory: 997732K/1048120K available (8609K kernel code, 1334K rwdata, 4028K rodata, 1484K init, 1284K bss, 50388K reserved, 0K cma-reserved)
[    0.000000] SLUB: HWalign=64, Order=0-3, MinObjects=0, CPUs=2, Nodes=1
[    0.000000] Kernel/User page tables isolation: enabled
[    0.000000] Hierarchical RCU implementation.
[    0.000000] 	Build-time adjustment of leaf fanout to 64.
[    0.000000] 	RCU restricting CPUs from NR_CPUS=512 to nr_cpu_ids=2.
[    0.000000] RCU: Adjusting geometry for rcu_fanout_leaf=64, nr_cpu_ids=2
[    0.000000] NR_IRQS:33024 nr_irqs:440 16
[    0.000000] Console: colour VGA+ 80x25
[    0.000000] console [tty1] enabled
[    0.000000] console [ttyS0] enabled
[    0.000000] tsc: Detected 1991.999 MHz processor
[    0.150687] Calibrating delay loop (skipped) preset value.. 3983.99 BogoMIPS (lpj=7967996)
[    0.152452] pid_max: default: 32768 minimum: 301
[    0.153481] ACPI: Core revision 20150930
[    0.155965] ACPI: 2 ACPI AML tables successfully acquired and loaded
[    0.157930] Security Framework initialized
[    0.159072] Yama: becoming mindful.
[    0.160063] AppArmor: AppArmor initialized
[    0.161216] Dentry cache hash table entries: 131072 (order: 8, 1048576 bytes)
[    0.165848] Inode-cache hash table entries: 65536 (order: 7, 524288 bytes)
[    0.167596] Mount-cache hash table entries: 2048 (order: 2, 16384 bytes)
[    0.169170] Mountpoint-cache hash table entries: 2048 (order: 2, 16384 bytes)
[    0.171267] Initializing cgroup subsys io
[    0.172282] Initializing cgroup subsys memory
[    0.173455] Initializing cgroup subsys devices
[    0.174566] Initializing cgroup subsys freezer
[    0.175573] Initializing cgroup subsys net_cls
[    0.176575] Initializing cgroup subsys perf_event
[    0.177654] Initializing cgroup subsys net_prio
[    0.178736] Initializing cgroup subsys hugetlb
[    0.179739] Initializing cgroup subsys pids
[    0.181972] mce: CPU supports 0 MCE banks
[    0.183075] Last level iTLB entries: 4KB 64, 2MB 8, 4MB 8
[    0.184223] Last level dTLB entries: 4KB 64, 2MB 0, 4MB 0, 1GB 4
[    0.185492] Spectre V2 : Mitigation: Full generic retpoline
[    0.186808] Spectre V2 : Spectre v2 / SpectreRSB mitigation: Filling RSB on context switch
[    0.188752] Speculative Store Bypass: Vulnerable
[    0.189933] MDS: Vulnerable: Clear CPU buffers attempted, no microcode
[    0.194526] Freeing SMP alternatives memory: 36K
[    0.201743] ftrace: allocating 32293 entries in 127 pages
[    0.265794] smpboot: APIC(0) Converting physical 0 to logical package 0
[    0.267244] smpboot: Max logical packages: 1
[    0.268482] x2apic enabled
[    0.269506] Switched APIC routing to physical x2apic.
[    0.271972] ..TIMER: vector=0x30 apic1=0 pin1=2 apic2=-1 pin2=-1
[    0.378392] smpboot: CPU0: Intel(R) Core(TM) i7-8550U CPU @ 1.80GHz (family: 0x6, model: 0x8e, stepping: 0xa)
[    0.380861] Performance Events: unsupported p6 CPU model 142 no PMU driver, software events only.
[    0.392232] KVM setup paravirtual spinlock
[    0.393744] x86: Booting SMP configuration:
[    0.394785] .... node  #0, CPUs:      #1
[    0.395811] kvm-clock: cpu 1, msr 0:3ffe3041, secondary cpu clock
[    0.397771] mce: CPU supports 0 MCE banks
[    0.400382] x86: Booted up 1 node, 2 CPUs
[    0.401527] smpboot: Total of 2 processors activated (7967.99 BogoMIPS)
[    0.403439] devtmpfs: initialized
[    0.406007] evm: security.selinux
[    0.406810] evm: security.SMACK64
[    0.407576] evm: security.SMACK64EXEC
[    0.408396] evm: security.SMACK64TRANSMUTE
[    0.409328] evm: security.SMACK64MMAP
[    0.410218] evm: security.ima
[    0.410934] evm: security.capability
[    0.412089] clocksource: jiffies: mask: 0xffffffff max_cycles: 0xffffffff, max_idle_ns: 7645041785100000 ns
[    0.414302] futex hash table entries: 512 (order: 3, 32768 bytes)
[    0.415668] pinctrl core: initialized pinctrl subsystem
[    0.416820] RTC time:  9:18:10, date: 05/30/19
[    0.417936] NET: Registered protocol family 16
[    0.431206] cpuidle: using governor ladder
[    0.444607] cpuidle: using governor menu
[    0.445645] PCCT header not found.
[    0.446566] ACPI: bus type PCI registered
[    0.447465] acpiphp: ACPI Hot Plug PCI Controller Driver version: 0.5
[    0.448864] PCI: Using configuration type 1 for base access
[    0.464582] ACPI: Added _OSI(Module Device)
[    0.465594] ACPI: Added _OSI(Processor Device)
[    0.466523] ACPI: Added _OSI(3.0 _SCP Extensions)
[    0.467472] ACPI: Added _OSI(Processor Aggregator Device)
[    0.469404] ACPI: Executed 1 blocks of module-level executable AML code
[    0.472960] ACPI: Interpreter enabled
[    0.473790] ACPI: (supports S0 S5)
[    0.474702] ACPI: Using IOAPIC for interrupt routing
[    0.475832] PCI: Using host bridge windows from ACPI; if necessary, use "pci=nocrs" and report a bug
[    0.480953] ACPI: PCI Root Bridge [PCI0] (domain 0000 [bus 00-ff])
[    0.482176] acpi PNP0A03:00: _OSC: OS supports [ASPM ClockPM Segments MSI]
[    0.483800] acpi PNP0A03:00: _OSC: not requesting OS control; OS requires [ExtendedConfig ASPM ClockPM MSI]
[    0.485803] acpi PNP0A03:00: fail to add MMCONFIG information, can't access extended PCI configuration space under this bridge.
[    0.488419] PCI host bridge to bus 0000:00
[    0.489332] pci_bus 0000:00: root bus resource [io  0x0000-0x0cf7 window]
[    0.490636] pci_bus 0000:00: root bus resource [io  0x0d00-0xffff window]
[    0.491896] pci_bus 0000:00: root bus resource [mem 0x000a0000-0x000bffff window]
[    0.493739] pci_bus 0000:00: root bus resource [mem 0x40000000-0xfdffffff window]
[    0.495402] pci_bus 0000:00: root bus resource [bus 00-ff]
[    0.498186] pci 0000:00:01.1: legacy IDE quirk: reg 0x10: [io  0x01f0-0x01f7]
[    0.499492] pci 0000:00:01.1: legacy IDE quirk: reg 0x14: [io  0x03f6]
[    0.500732] pci 0000:00:01.1: legacy IDE quirk: reg 0x18: [io  0x0170-0x0177]
[    0.502222] pci 0000:00:01.1: legacy IDE quirk: reg 0x1c: [io  0x0376]
[    0.516256] pci 0000:00:07.0: quirk: [io  0x4000-0x403f] claimed by PIIX4 ACPI
[    0.529023] pci 0000:00:07.0: quirk: [io  0x4100-0x410f] claimed by PIIX4 SMB
[    0.534620] ACPI: PCI Interrupt Link [LNKA] (IRQs 5 9 10 *11)
[    0.536509] ACPI: PCI Interrupt Link [LNKB] (IRQs 5 9 *10 11)
[    0.538392] ACPI: PCI Interrupt Link [LNKC] (IRQs 5 *9 10 11)
[    0.540428] ACPI: PCI Interrupt Link [LNKD] (IRQs 5 9 10 *11)
[    0.542153] ACPI: Enabled 2 GPEs in block 00 to 07
[    0.543656] vgaarb: setting as boot device: PCI:0000:00:02.0
[    0.544842] vgaarb: device added: PCI:0000:00:02.0,decodes=io+mem,owns=io+mem,locks=none
[    0.546602] vgaarb: loaded
[    0.547278] vgaarb: bridge control possible 0000:00:02.0
[    0.548620] SCSI subsystem initialized
[    0.549662] ACPI: bus type USB registered
[    0.550560] usbcore: registered new interface driver usbfs
[    0.551654] usbcore: registered new interface driver hub
[    0.552764] usbcore: registered new device driver usb
[    0.554192] PCI: Using ACPI for IRQ routing
[    0.555305] NetLabel: Initializing
[    0.556058] NetLabel:  domain hash size = 128
[    0.557061] NetLabel:  protocols = UNLABELED CIPSOv4
[    0.560636] NetLabel:  unlabeled traffic allowed by default
[    0.562116] amd_nb: Cannot enumerate AMD northbridges
[    0.563288] clocksource: Switched to clocksource kvm-clock
[    0.574789] AppArmor: AppArmor Filesystem Enabled
[    0.575907] pnp: PnP ACPI init
[    0.577392] pnp: PnP ACPI: found 3 devices
[    0.587313] clocksource: acpi_pm: mask: 0xffffff max_cycles: 0xffffff, max_idle_ns: 2085701024 ns
[    0.589119] NET: Registered protocol family 2
[    0.590187] TCP established hash table entries: 8192 (order: 4, 65536 bytes)
[    0.591590] TCP bind hash table entries: 8192 (order: 5, 131072 bytes)
[    0.592821] TCP: Hash tables configured (established 8192 bind 8192)
[    0.594029] UDP hash table entries: 512 (order: 2, 16384 bytes)
[    0.595151] UDP-Lite hash table entries: 512 (order: 2, 16384 bytes)
[    0.596460] NET: Registered protocol family 1
[    0.597346] pci 0000:00:00.0: Limiting direct PCI/PCI transfers
[    0.598579] pci 0000:00:01.0: Activating ISA DMA hang workarounds
[    0.599866] Unpacking initramfs...
[    0.804148] Freeing initrd memory: 14828K
[    0.805242] clocksource: tsc: mask: 0xffffffffffffffff max_cycles: 0x396d4ffc055, max_idle_ns: 881590662783 ns
[    0.807635] platform rtc_cmos: registered platform RTC device (no PNP device found)
[    0.809520] Scanning for low memory corruption every 60 seconds
[    0.811409] audit: initializing netlink subsys (disabled)
[    0.812581] audit: type=2000 audit(1559207895.561:1): initialized
[    0.814133] Initialise system trusted keyring
[    0.815422] HugeTLB registered 2 MB page size, pre-allocated 0 pages
[    0.817871] zbud: loaded
[    0.819302] VFS: Disk quotas dquot_6.6.0
[    0.820333] VFS: Dquot-cache hash table entries: 512 (order 0, 4096 bytes)
[    0.821962] squashfs: version 4.0 (2009/01/31) Phillip Lougher
[    0.823480] fuse init (API version 7.23)
[    0.824686] Key type big_key registered
[    0.825640] Allocating IMA MOK and blacklist keyrings.
[    0.827796] Key type asymmetric registered
[    0.828712] Asymmetric key parser 'x509' registered
[    0.829763] Block layer SCSI generic (bsg) driver version 0.4 loaded (major 249)
[    0.831490] io scheduler noop registered
[    0.832380] io scheduler deadline registered (default)
[    0.833466] io scheduler cfq registered
[    0.834415] pci_hotplug: PCI Hot Plug PCI Core version: 0.5
[    0.835598] pciehp: PCI Express Hot Plug Controller Driver version: 0.4
[    0.837052] ACPI: AC Adapter [AC] (on-line)
[    0.838023] input: Power Button as /devices/LNXSYSTM:00/LNXPWRBN:00/input/input0
[    0.839657] ACPI: Power Button [PWRF]
[    0.840614] input: Sleep Button as /devices/LNXSYSTM:00/LNXSLPBN:00/input/input1
[    0.842308] ACPI: Sleep Button [SLPF]
[    0.843339] GHES: HEST is not enabled!
[    0.843965] ACPI: Battery Slot [BAT0] (battery present)
[    0.845446] Serial: 8250/16550 driver, 32 ports, IRQ sharing enabled
[    0.867288] 00:02: ttyS0 at I/O 0x3f8 (irq = 4, base_baud = 115200) is a 16550A
[    0.869802] Linux agpgart interface v0.103
[    0.872324] loop: module loaded
[    0.873687] scsi host0: ata_piix
[    0.874601] scsi host1: ata_piix
[    0.875370] ata1: PATA max UDMA/33 cmd 0x1f0 ctl 0x3f6 bmdma 0xd000 irq 14
[    0.876688] ata2: PATA max UDMA/33 cmd 0x170 ctl 0x376 bmdma 0xd008 irq 15
[    0.878042] libphy: Fixed MDIO Bus: probed
[    0.879360] tun: Universal TUN/TAP device driver, 1.6
[    0.880407] tun: (C) 1999-2004 Max Krasnyansky <maxk@qualcomm.com>
[    0.881820] PPP generic driver version 2.4.2
[    0.882868] ehci_hcd: USB 2.0 'Enhanced' Host Controller (EHCI) Driver
[    0.884233] ehci-pci: EHCI PCI platform driver
[    0.885184] ehci-platform: EHCI generic platform driver
[    0.886248] ohci_hcd: USB 1.1 'Open' Host Controller (OHCI) Driver
[    0.887430] ohci-pci: OHCI PCI platform driver
[    0.888450] ohci-platform: OHCI generic platform driver
[    0.889584] uhci_hcd: USB Universal Host Controller Interface driver
[    0.890845] i8042: PNP: PS/2 Controller [PNP0303:PS2K,PNP0f03:PS2M] at 0x60,0x64 irq 1,12
[    0.893184] serio: i8042 KBD port at 0x60,0x64 irq 1
[    0.894305] serio: i8042 AUX port at 0x60,0x64 irq 12
[    0.895449] mousedev: PS/2 mouse device common for all mice
[    0.896948] rtc_cmos rtc_cmos: rtc core: registered rtc_cmos as rtc0
[    0.898306] rtc_cmos rtc_cmos: alarms up to one day, 114 bytes nvram
[    0.899511] i2c /dev entries driver
[    0.900551] input: AT Translated Set 2 keyboard as /devices/platform/i8042/serio0/input/input2
[    0.902826] device-mapper: uevent: version 1.0.3
[    0.904304] device-mapper: ioctl: 4.34.0-ioctl (2015-10-28) initialised: dm-devel@redhat.com
[    0.906026] ledtrig-cpu: registered to indicate activity on CPUs
[    0.907908] NET: Registered protocol family 10
[    0.909095] NET: Registered protocol family 17
[    0.910047] Key type dns_resolver registered
[    0.911205] registered taskstats version 1
[    0.912343] Loading compiled-in X.509 certificates
[    0.913795] Loaded X.509 cert 'Build time autogenerated kernel key: 5103689f9da3e841c6100f8bb032b132cf76e38d'
[    0.915939] zswap: loaded using pool lzo/zbud
[    0.918520] Key type trusted registered
[    0.922008] Key type encrypted registered
[    0.922941] AppArmor: AppArmor sha1 policy hashing enabled
[    0.924139] ima: No TPM chip found, activating TPM-bypass!
[    0.925299] ima: Allocated hash algorithm: sha1
[    0.926248] evm: HMAC attrs: 0x1
[    0.927350]   Magic number: 3:473:324
[    0.928222] tty tty49: hash matches
[    0.929046] acpi PNP0B00:00: hash matches
[    0.930057] rtc_cmos rtc_cmos: setting system clock to 2019-05-30 09:18:10 UTC (1559207890)
[    0.931941] BIOS EDD facility v0.16 2004-Jun-25, 0 devices found
[    0.933124] EDD information not available.
[    1.034732] Freeing unused kernel memory: 1484K
[    1.038414] Write protecting the kernel read-only data: 14336k
[    1.044523] Freeing unused kernel memory: 1620K
[    1.048967] Freeing unused kernel memory: 68K
Loading, please wait...
starting version 229
[    1.083503] random: systemd-udevd: uninitialized urandom read (16 bytes read, 3 bits of entropy available)
[    1.084436] random: udevadm: uninitialized urandom read (16 bytes read, 3 bits of entropy available)
[    1.084459] random: udevadm: uninitialized urandom read (16 bytes read, 3 bits of entropy available)
[    1.092798] random: systemd-udevd: uninitialized urandom read (16 bytes read, 3 bits of entropy available)
[    1.094955] random: udevadm: uninitialized urandom read (16 bytes read, 3 bits of entropy available)
[    1.094998] random: udevadm: uninitialized urandom read (16 bytes read, 3 bits of entropy available)
[    1.095145] random: udevadm: uninitialized urandom read (16 bytes read, 3 bits of entropy available)
[    1.095197] random: udevadm: uninitialized urandom read (16 bytes read, 3 bits of entropy available)
[    1.095249] random: udevadm: uninitialized urandom read (16 bytes read, 3 bits of entropy available)
[    1.095304] random: udevadm: uninitialized urandom read (16 bytes read, 3 bits of entropy available)
[    1.137710] e1000: Intel(R) PRO/1000 Network Driver - version 7.3.21-k8-NAPI
[    1.139218] e1000: Copyright (c) 1999-2006 Intel Corporation.
[    1.140784] Fusion MPT base driver 3.04.20
[    1.141837] Copyright (c) 1999-2008 LSI Corporation
[    1.145657] Fusion MPT SPI Host driver 3.04.20
[    1.159938] AVX2 version of gcm_enc/dec engaged.
[    1.161006] AES CTR mode by8 optimization enabled
[    1.353628] input: ImExPS/2 Generic Explorer Mouse as /devices/platform/i8042/serio1/input/input4
[    1.514601] e1000 0000:00:03.0 eth0: (PCI:33MHz:32-bit) 02:5b:c0:ee:75:0a
[    1.516106] e1000 0000:00:03.0 eth0: Intel(R) PRO/1000 Network Connection
[    1.518087] mptbase: ioc0: Initiating bringup
[    1.518612] e1000 0000:00:03.0 enp0s3: renamed from eth0
[    1.588062] ioc0: LSI53C1030 A0: Capabilities={Initiator}
[    1.757377] scsi host2: ioc0: LSI53C1030 A0, FwRev=00000000h, Ports=1, MaxQ=256, IRQ=20
[    1.888286] scsi 2:0:0:0: Direct-Access     VBOX     HARDDISK         1.0  PQ: 0 ANSI: 5
[    1.890115] scsi target2:0:0: Beginning Domain Validation
[    1.892474] scsi target2:0:0: Domain Validation skipping write tests
[    1.893761] scsi target2:0:0: Ending Domain Validation
[    1.894981] scsi target2:0:0: asynchronous
[    1.897130] scsi 2:0:1:0: Direct-Access     VBOX     HARDDISK         1.0  PQ: 0 ANSI: 5
[    1.899348] scsi target2:0:1: Beginning Domain Validation
[    1.901538] scsi target2:0:1: Domain Validation skipping write tests
[    1.903373] scsi target2:0:1: Ending Domain Validation
[    1.905066] scsi target2:0:1: asynchronous
[    1.925884] sd 2:0:0:0: Attached scsi generic sg0 type 0
[    1.927099] sd 2:0:0:0: [sda] 20971520 512-byte logical blocks: (10.7 GB/10.0 GiB)
[    1.929270] sd 2:0:1:0: Attached scsi generic sg1 type 0
[    1.930379] sd 2:0:1:0: [sdb] 20480 512-byte logical blocks: (10.5 MB/10.0 MiB)
[    1.932203] sd 2:0:0:0: [sda] Write Protect is off
[    1.932488] sd 2:0:1:0: [sdb] Write Protect is off
[    1.932752] sd 2:0:1:0: [sdb] Incomplete mode parameter data
[    1.932753] sd 2:0:1:0: [sdb] Assuming drive cache: write through
[    1.937094] sd 2:0:0:0: [sda] Incomplete mode parameter data
[    1.938538] sd 2:0:1:0: [sdb] Attached SCSI disk
[    1.940030] sd 2:0:0:0: [sda] Assuming drive cache: write through
[    1.944093]  sda: sda1
[    1.945549] sd 2:0:0:0: [sda] Attached SCSI disk
Begin: Loading essential drivers ... [    3.336072] md: linear personality registered for level -1
[    3.339409] md: multipath personality registered for level -4
[    3.342522] md: raid0 personality registered for level 0
[    3.346699] md: raid1 personality registered for level 1
[    3.415300] raid6: sse2x1   gen() 13284 MB/s
[    3.483299] raid6: sse2x1   xor() 10002 MB/s
[    3.551304] raid6: sse2x2   gen() 16214 MB/s
[    3.619636] raid6: sse2x2   xor() 11360 MB/s
[    3.687570] raid6: sse2x4   gen() 18412 MB/s
[    3.755538] raid6: sse2x4   xor() 12146 MB/s
[    3.823477] raid6: avx2x1   gen() 26174 MB/s
[    3.891428] raid6: avx2x2   gen() 30352 MB/s
[    3.959398] raid6: avx2x4   gen() 32321 MB/s
[    3.960264] raid6: using algorithm avx2x4 gen() 32321 MB/s
[    3.961378] raid6: using avx2x2 recovery algorithm
[    3.963581] xor: automatically using best checksumming function:
[    4.003478]    avx       : 27655.000 MB/sec
[    4.005547] async_tx: api initialized (async)
[    4.014341] md: raid6 personality registered for level 6
[    4.015566] md: raid5 personality registered for level 5
[    4.016603] md: raid4 personality registered for level 4
[    4.024024] md: raid10 personality registered for level 10
done.
Begin: Running /scripts/init-premount ... done.
Begin: Mounting root file system ... Begin: Running /scripts/local-top ... done.
Begin: Running /scripts/local-premount ... [    4.054353] Btrfs loaded
Scanning for Btrfs filesystems
done.
Warning: fsck not present, so skipping root file system
[    4.076894] EXT4-fs (sda1): mounted filesystem with ordered data mode. Opts: (null)
done.
Begin: Running /scripts/local-bottom ... done.
Begin: Running /scripts/init-bottom ... done.
[    4.155470] systemd[1]: systemd 229 running in system mode. (+PAM +AUDIT +SELINUX +IMA +APPARMOR +SMACK +SYSVINIT +UTMP +LIBCRYPTSETUP +GCRYPT +GNUTLS +ACL +XZ -LZ4 +SECCOMP +BLKID +ELFUTILS +KMOD -IDN)
[    4.159105] systemd[1]: Detected virtualization oracle.
[    4.160275] systemd[1]: Detected architecture x86-64.

Welcome to [1mUbuntu 16.04.6 LTS[0m!

[    4.172670] systemd[1]: Set hostname to <ubuntu>.
[    4.175722] systemd[1]: Initializing machine ID from random generator.
[    4.176978] systemd[1]: Installed transient /etc/machine-id file.
[    4.289401] systemd[1]: Listening on Journal Audit Socket.
[[0;32m  OK  [0m] Listening on Journal Audit Socket.
[    4.291406] systemd[1]: Listening on udev Kernel Socket.
[[0;32m  OK  [0m] Listening on udev Kernel Socket.
[    4.293268] systemd[1]: Listening on Device-mapper event daemon FIFOs.
[[0;32m  OK  [0m] Listening on Device-mapper event daemon FIFOs.
[    4.300433] systemd[1]: Created slice System Slice.
[[0;32m  OK  [0m] Created slice System Slice.
[    4.302299] systemd[1]: Started Forward Password Requests to Wall Directory Watch.
[[0;32m  OK  [0m] Started Forward Password Requests to Wall Directory Watch.
[    4.312072] systemd[1]: Reached target User and Group Name Lookups.
[[0;32m  OK  [0m] Reached target User and Group Name Lookups.
[    4.319518] systemd[1]: Listening on Syslog Socket.
[[0;32m  OK  [0m] Listening on Syslog Socket.
[    4.327537] systemd[1]: Listening on LVM2 poll daemon socket.
[[0;32m  OK  [0m] Listening on LVM2 poll daemon socket.
[    4.329760] systemd[1]: Listening on Journal Socket.
[[0;32m  OK  [0m] Listening on Journal Socket.
[    4.348221] systemd[1]: Starting Nameserver information manager...
         Starting Nameserver information manager...
[    4.356847] systemd[1]: Mounting Huge Pages File System...
         Mounting Huge Pages File System...
[    4.359184] systemd[1]: Starting Remount Root and Kernel File Systems...
         Starting Remount Root and Kernel File Systems...
[    4.363009] EXT4-fs (sda1): re-mounted. Opts: (null)
[    4.368386] systemd[1]: Starting Create list of required static device nodes for the current kernel...
         Starting Create list of required st... nodes for the current kernel...
[    4.371442] systemd[1]: Started Trigger resolvconf update for networkd DNS.
[[0;32m  OK  [0m] Started Trigger resolvconf update for networkd DNS.
[    4.380032] systemd[1]: Reached target Swap.
[[0;32m  OK  [0m] Reached target Swap.
[    4.381835] systemd[1]: Reached target System Time Synchronized.
[[0;32m  OK  [0m] Reached target System Time Synchronized.
[    4.403774] systemd[1]: Mounting POSIX Message Queue File System...
         Mounting POSIX Message Queue File System...
[    4.412381] systemd[1]: Starting Set console keymap...
         Starting Set console keymap...
[    4.419757] systemd[1]: Created slice system-serial\x2dgetty.slice.
[[0;32m  OK  [0m] Created slice system-serial\x2dgetty.slice.
[    4.429487] systemd[1]: Starting Load Kernel Modules...
         Starting Load Kernel Modules...
[    4.438729] systemd[1]: Mounting Debug File System...
         Mounting Debug File System...
[    4.441502] systemd[1]: Created slice User and Session Slice.
[[0;32m  OK  [0m] Created slice User and Session Slice.
[    4.444103] systemd[1]: Reached target Slices.
[[0;32m  OK  [0m] Reached target Slices.
[    4.448154] systemd[1]: Listening on LVM2 metadata daemon socket.
[[0;32m  OK  [0m] Listening on LVM2 metadata daemon socket.
[    4.450012] Loading iSCSI transport class v2.0-870.
[    4.455937] systemd[1]: Starting Monitoring of LVM2 mirrors, snapshots etc. using dmeventd or progress polling...
         Starting Monitoring of LVM2 mirrors... dmeventd or progress polling...
[    4.459683] iscsi: registered transport (tcp)
[    4.460991] systemd[1]: Reached target Encrypted Volumes.
[[0;32m  OK  [0m] Reached target Encrypted Volumes.
[    4.467624] systemd[1]: Listening on udev Control Socket.
[[0;32m  OK  [0m] Listening on udev Control Socket.
[    4.470128] systemd[1]: Listening on Journal Socket (/dev/log).
[[0;32m  OK  [0m] Listening on Journal Socket (/dev/log).
[    4.472643] systemd[1]: Starting Journal Service...
         Starting Journal Service...
[    4.474696] systemd[1]: Listening on /dev/initctl Compatibility Named Pipe.
[[0;32m  OK  [0m] Listening on /dev/initctl Compatibility Named Pipe.
[    4.478197] systemd[1]: Starting Uncomplicated firewall...
         Starting Uncomplicated firewall...
[    4.487768] systemd[1]: Set up automount Arbitrary Executable File Formats File System Automount Point.
[[0;32m  OK  [0m] Set up automount Arbitrary Executab...ats File System Automount Point.
[    4.497746] systemd[1]: Mounted POSIX Message Queue File System.
[[0;32m  OK  [0m] Mounted POSIX Message Queue File System.
[    4.500130] systemd[1]: Mounted Huge Pages File System.
[[0;32m  OK  [0m] Mounted Huge Pages File System.
[    4.502075] systemd[1]: Mounted Debug File System.
[[0;32m  OK  [0m] Mounted Debug File System.
[    4.504127] systemd[1]: Started Journal Service.
[[0;32m  OK  [0m] Started Journal Service.
[    4.506993] iscsi: registered transport (iser)
[[0;32m  OK  [0m] Started Remount Root and Kernel File Systems.
[[0;32m  OK  [0m] Started Create list of required sta...ce nodes for the current kernel.
[[0;32m  OK  [0m] Started Set console keymap.
[[0;32m  OK  [0m] Started Load Kernel Modules.
[[0;32m  OK  [0m] Started Uncomplicated firewall.
[[0;32m  OK  [0m] Started Nameserver information manager.
[[0;32m  OK  [0m] Started LVM2 metadata daemon.
         Starting Apply Kernel Variables...
         Mounting FUSE Control File System...
         Starting Create Static Device Nodes in /dev...
         Starting Load/Save Random Seed...
         Starting udev Coldplug all Devices...
         Starting Flush Journal to Persistent Storage...
[[0;32m  OK  [0m] Mounted FUSE Control File System.
[[0;32m  OK  [0m] Started Apply Kernel Variables.
[[0;32m  OK  [0m] Started Load/Save Random Seed.
[[0;32m  OK  [0m] Started Create Static Device Nodes in /dev.
[[0;32m  OK  [0m] Started Flush Journal to Persistent Storage.
[[0;32m  OK  [0m] Started udev Coldplug all Devices.
         Starting udev Kernel Device Manager...
[[0;32m  OK  [0m] Started udev Kernel Device Manager.
[[0;32m  OK  [0m] Started Dispatch Password Requests to Console Directory Watch.
[[0;32m  OK  [0m] Found device /dev/ttyS0.
[[0;32m  OK  [0m] Listening on Load/Save RF Kill Switch Status /dev/rfkill Watch.
[[0;32m  OK  [0m] Started Monitoring of LVM2 mirrors,...ng dmeventd or progress polling.
[[0;32m  OK  [0m] Reached target Local File Systems (Pre).
[[0;32m  OK  [0m] Reached target Local File Systems.
         Starting Initial cloud-init job (pre-networking)...
         Starting LSB: AppArmor initialization...
         Starting Tell Plymouth To Write Out Runtime Data...
         Starting Create Volatile Files and Directories...
         Starting Set console font and keymap...
         Starting Commit a transient machine-id on disk...
[[0;32m  OK  [0m] Started Tell Plymouth To Write Out Runtime Data.
[[0;32m  OK  [0m] Started Create Volatile Files and Directories.
         Starting Update UTMP about System Boot/Shutdown...
[[0;32m  OK  [0m] Started Commit a transient machine-id on disk.
[[0;32m  OK  [0m] Started Update UTMP about System Boot/Shutdown.
[[0;32m  OK  [0m] Started Set console font and keymap.
[[0;32m  OK  [0m] Created slice system-getty.slice.
[    5.981031] cloud-init[582]: Cloud-init v. 18.5-45-g3554ffe8-0ubuntu1~16.04.1 running 'init-local' at Thu, 30 May 2019 09:18:15 +0000. Up 5.56 seconds.
[[0;32m  OK  [0m] Started Initial cloud-init job (pre-networking).
[[0;32m  OK  [0m] Reached target Network (Pre).
[[0;32m  OK  [0m] Started LSB: AppArmor initialization.
         Starting Raise network interfaces...
[[0;32m  OK  [0m] Started Raise network interfaces.
[[0;32m  OK  [0m] Reached target Network.
         Starting Initial cloud-init job (metadata service crawler)...
[    7.755085] cloud-init[931]: Cloud-init v. 18.5-45-g3554ffe8-0ubuntu1~16.04.1 running 'init' at Thu, 30 May 2019 09:18:17 +0000. Up 7.23 seconds.
[    7.756685] cloud-init[931]: ci-info: ++++++++++++++++++++++++++++++++++++++Net device info++++++++++++++++++++++++++++++++++++++
[    7.764316] cloud-init[931]: ci-info: +--------+------+----------------------------+---------------+--------+-------------------+
[    7.772698] cloud-init[931]: ci-info: | Device |  Up  |          Address           |      Mask     | Scope  |     Hw-Address    |
[    7.774092] cloud-init[931]: ci-info: +--------+------+----------------------------+---------------+--------+-------------------+
[    7.780633] cloud-init[931]: ci-info: | enp0s3 | True |         10.0.2.15          | 255.255.255.0 | global | 02:5b:c0:ee:75:0a |
[    7.782028] cloud-init[931]: ci-info: | enp0s3 | True | fe80::5b:c0ff:feee:750a/64 |       .       |  link  | 02:5b:c0:ee:75:0a |
[    7.783508] cloud-init[931]: ci-info: |   lo   | True |         127.0.0.1          |   255.0.0.0   |  host  |         .         |
[    7.785043] cloud-init[931]: ci-info: |   lo   | True |          ::1/128           |       .       |  host  |         .         |
[    7.786308] cloud-init[931]: ci-info: +--------+------+----------------------------+---------------+--------+-------------------+
[    7.787559] cloud-init[931]: ci-info: +++++++++++++++++++++++++++Route IPv4 info++++++++++++++++++++++++++++
[    7.796527] cloud-init[931]: ci-info: +-------+-------------+----------+---------------+-----------+-------+
[    7.808946] [[0;32m  OK  [0m] Started Initial cloud-init job (metadata service crawler).
cloud-init[931]: ci-info: | Route | Destination | Gateway  |    Genmask    | Interface | Flags |
[    7.814653] [[0;32m  OK  [0m] Reached target Cloud-config availability.
[[0;32m  OK  [0m] cloud-initReached target Network is Online.[931]: 
ci-info: +-------+-------------+----------+---------------+-----------+-------+
[    7.819173] cloud-init[931]: ci-info: |   0   |   0.0.0.0   | 10.0.2.2 |    0.0.0.0    |   enp0s3  |   UG  |
[    7.820936] cloud-init[931]: ci-info: |   1   |   10.0.2.0  | 0.0.0.0  | 255.255.255.0 |   enp0s3  |   U   |
[    7.822932] cloud-init[931]: ci-info: +-------+-------------+----------+---------------+-----------+-------+
[    7.824839] cloud-init[931]: ci-info: +++++++++++++++++++Route IPv6 info+++++++++++++++++++
         Starting iSCSI initiator daemon (iscsid)...
[[0;32m  OK  [0m] Reached target System Initialization.
[    7.832474] cloud-init[931]: ci-info: +-------+-------------+---------+-----------+-------+
[[0;32m  OK  [0m] Started Daily Cleanup of Temporary Directories.
[    7.835288] cloud-init[931]: ci-info: | Route | Destination | Gateway | Interface | Flags |
[    7.842908] cloud-init[931]: ci-info: +-------+-------------+---------+-----------+-------+
[    7.845731] cloud-init[931]: ci-info: |   0   |  fe80::/64  |    ::   |   enp0s3  |   U   |
[    7.846916] cloud-init[931]: ci-info: |   3   |   ff00::/8  |    ::   |   enp0s3  |   U   |
[    7.848593] cloud-init[931]: ci-info: +-------+-------------+---------+-----------+-------+
[    7.849985] cloud-init[931]: Generating public/private rsa key pair.
[    7.851177] cloud-init[931]: Your identification has been saved in /etc/ssh/ssh_host_rsa_key.
[    7.851944] cloud-init[931]: Your public key has been saved in /etc/ssh/ssh_host_rsa_key.pub.
[    7.852723] cloud-init[931]: The key fingerprint is:
[    7.853359] cloud-init[931]: SHA256:T3k47tk64BQCA7xSNW8G7Z2UBjNgmLT1IbtCanTVFPo root@ubuntu-xenial
[    7.853986] cloud-init[931]: The key's randomart image is:
[    7.854387] cloud-init[931]: +---[RSA 2048]----+
[    7.854915] cloud-init[931]: | oo=O+B+..       |
[    7.855432] cloud-init[931]: |  =++Bo=+        |
[    7.855992] cloud-init[931]: | ooo.==+ .       |
[    7.856545] cloud-init[931]: |ooo  ++ +  o     |
         [    7.856619] Starting Socket activation for snappy daemon.cloud-init
[931]: |.o. .  ES.= .    |
[    7.862317] cloud-init[931]: |.  .    o+ o     |
[    7.862623] cloud-init[931]: |       o .o      |
         [    7.862707] Starting LXD - unix socket.cloud-init
[931]: |        ...o     |
[    7.864174] cloud-init[931]: |          +o.    |
[    7.864337] [cloud-init[0;32m  OK  [0m[931]: ] +----[SHA256]-----+Listening on D-Bus System Message Bus Socket.
[    7.864447] cloud-init
[931]: Generating public/private dsa key pair.
[    7.866157] cloud-init[931]: Your identification has been saved in /etc/ssh/ssh_host_dsa_key.
[    7.866422] cloud-init[931]: Your public key has been saved in /etc/ssh/ssh_host_dsa_key.pub.
[    7.866467] cloud-init[931]: The key fingerprint is:
[    7.866653] cloud-init[931]: SHA256:wPBuD+MYJJhD9zY9UH00DzpG+g2pEfFGbGTkEjjiG8E root@ubuntu-xenial
[    7.866805] cloud-init[931]: The key's randomart image is:
[    7.867133] cloud-init[931]: +---[DSA 1024]----+
[    7.867425] cloud-init[931]: | .....o=**.+     |
[    7.867760] cloud-init[931]: |.o.E.*o X+o.+    |
[    7.868114] cloud-init[931]: |+ o ++=*.X.  .   |
[    7.868213] cloud-init[931]: | . =....O +      |
[    7.868491] cloud-init[931]: |    + =.S. .     |
[    7.868950] cloud-init[931]: |   . = +         |
[    7.869244] cloud-init[931]: |    . . .        |
[    7.869500] cloud-init[931]: |                 |
[[0;32m  OK  [0m] Started Daily apt download activities.
[[0;32m  OK  [0m] Started Daily apt upgrade and clean activities.
[    7.869652] [[0;32m  OK  [0m] Reached target Timers.
[[0;32m  OK  [0m] Listening on ACPID Listen Socket.
cloud-init[931]: |                 |
[    7.876839] [[0;32m  OK  [0m] Started ACPI Events Check.
[[0;32m  OK  [0m] Reached target Paths.
[[0;32m  OK  [0m] Listening on UUID daemon activation socket.
cloud-init[931]: +----[SHA256]-----+
[    7.879157] cloud-init[931]: Generating public/private ecdsa key pair.
[    7.880680] cloud-init[931]: Your identification has been saved in /etc/ssh/ssh_host_ecdsa_key.
[    7.889198] cloud-init[931]: Your public key has been saved in /etc/ssh/ssh_host_ecdsa_key.pub.
[    7.890503] cloud-init[931]: The key fingerprint is:
[    7.896411] [[0;32m  OK  [0m] Listening on Socket activation for snappy daemon.
[[0;32m  OK  [0m] Listening on LXD - unix socket.
cloud-init[931]: SHA256:nl8GLTrZKY1Pdci1jHGfoFy1cKrgPWvneMSzD0eGXEg root@ubuntu-xenial
[    7.904414] [[0;32m  OK  [0m] Started iSCSI initiator daemon (iscsid).
cloud-init[931]: The key's randomart image is:
[    7.905667] cloud-init[931]: +---[ECDSA 256]---+
[    7.912180] cloud-init[931]: |             E o |
[    7.912963] cloud-init[931]: |            . * .|
[    7.913176] cloud-init[931]: |         .  .=oo |
[    7.913546] cloud-init[931]: |        . +o=B+o.|
         Starting Login to default iSCSI targets...
[    7.913890] cloud-init[931]: |        S.o*Bo++.|
[    7.920575] cloud-init[931]: |       . B =o=o  |
[[0;32m  OK  [0m] Reached target Sockets.
[    7.920826] cloud-init[931]: |        O =o+oo. |
[    7.922018] cloud-init[931]: |         *.o+oo  |
[[0;32m  OK  [0m] Reached target Basic System.
[    7.922387] cloud-init[931]: |          o..... |
[    7.928744] cloud-init[931]: +----[SHA256]-----+
[    7.928989] cloud-init[931]: Generating public/private ed25519 key pair.
[    7.929338] cloud-init[931]: Your identification has been saved in /etc/ssh/ssh_host_ed25519_key.
[    7.929539] cloud-init[931]: Your public key has been saved in /etc/ssh/ssh_host_ed25519_key.pub.
         Starting Virtualbox guest utils...
[    7.929627] cloud-init[931]: The key fingerprint is:
[    7.944212] cloud-init[931]: SHA256:qDHnVJ0UZpG7rB+h0/HnJfUP+6aaDlLxqBrkqkqJeaw root@ubuntu-xenial
[    7.945363] cloud-init[931]: The key's randomart image is:
[    7.946210] cloud-init[931]: +--[ED25519 256]--+
[    7.952743] cloud-init[931]: |          *+     |
[    7.952948] cloud-init[931]: |         =..     |
[    7.953011] cloud-init[931]: |        . +.     |
         Starting LSB: Record successful boot for GRUB...
         Starting /etc/rc.local Compatibility...[    7.953211] 
cloud-init[931]: |       o  .+     |
[    7.956194] cloud-init[931]: |    o = S.=..   .|
[    7.956981] cloud-init[931]: |.o.  X   =o+   ..|
[    7.957142] cloud-init[931]: |ooo . + =.+ . + o|
[    7.957579] cloud-init[931]: |.o   . o.o o + =o|
[    7.958036] cloud-init[931]: |E.... .  ...+.++o|
         Starting System Logging Service...
[    7.958549] [[0;32m  OK  [0m] Started ACPI event daemon.
cloud-init[931]: +----[SHA256]-----+
         Starting Pollinate to seed the pseudo random number generator...
         Starting LSB: MD monitoring daemon...
         Starting Login Service...
         Starting Accounts Service...
[[0;32m  OK  [0m] Started Deferred execution scheduler.
[[0;32m  OK  [0m] Started D-Bus System Message Bus.
[[0;32m  OK  [0m] Started FUSE filesystem for LXC.
[[0;32m  OK  [0m] Started Unattended Upgrades Shutdown.
         Starting LXD - container startup/shutdown...
[[0;32m  OK  [0m] Started Regular background program processing daemon.
         Starting Snappy daemon...
[[0;32m  OK  [0m] Started System Logging Service.
[[0;32m  OK  [0m] Started /etc/rc.local Compatibility.
[[0;32m  OK  [0m] Started Login to default iSCSI targets.
[[0;32m  OK  [0m] Started LSB: Record successful boot for GRUB.
[[0;32m  OK  [0m] Started LSB: MD monitoring daemon.
[[0;32m  OK  [0m] Started Login Service.
         Starting Authenticate and Authorize Users to Run Privileged Tasks...
[[0;32m  OK  [0m] Reached target Remote File Systems (Pre).
[[0;32m  OK  [0m] Reached target Remote File Systems.
         Starting LSB: daemon to balance interrupts for SMP systems...
         Starting LSB: automatic crash report generation...
         Starting LSB: Set the CPU Frequency Scaling governor to "ondemand"...
         Starting Permit User Sessions...
[[0;32m  OK  [0m] Started LXD - container startup/shutdown.
[[0;32m  OK  [0m] Started Permit User Sessions.
[[0;32m  OK  [0m] Started Virtualbox guest utils.
[[0;32m  OK  [0m] Started LSB: Set the CPU Frequency Scaling governor to "ondemand".
[[0;32m  OK  [0m] Started LSB: daemon to balance interrupts for SMP systems.
[[0;32m  OK  [0m] Started Pollinate to seed the pseudo random number generator.
[[0;32m  OK  [0m] Started Authenticate and Authorize Users to Run Privileged Tasks.
         Starting OpenBSD Secure Shell server...
         Starting Terminate Plymouth Boot Screen...
         Starting Hold until boot process finishes up...
[[0;32m  OK  [0m] Started LSB: automatic crash report generation.
[[0;32m  OK  [0m] Started Hold until boot process finishes up.
[[0;32m  OK  [0m] Started Terminate Plymouth Boot Screen.
[[0;32m  OK  [0m] Started OpenBSD Secure Shell server.
[[0;32m  OK  [0m] Started Snappy daemon.
[[0;32m  OK  [0m] Started Accounts Service.
         Starting Wait until snapd is fully seeded...
[[0;32m  OK  [0m] Started Getty on tty1.
         Starting Set console scheme...
[[0;32m  OK  [0m] Started Serial Getty on ttyS0.
[[0;32m  OK  [0m] Reached target Login Prompts.
[[0;32m  OK  [0m] Started Set console scheme.
[[0;32m  OK  [0m] Started Wait until snapd is fully seeded.
         Starting Apply the settings specified in cloud-config...
[[0;32m  OK  [0m] Reached target Multi-User System.
[[0;32m  OK  [0m] Reached target Graphical Interface.
         Starting Update UTMP about System Runlevel Changes...
[[0;32m  OK  [0m] Started Update UTMP about System Runlevel Changes.
[    9.861325] cloud-init[1257]: Generating locales (this might take a while)...
[   10.787595] cloud-init[1257]:   en_US.UTF-8... done
[   10.788595] cloud-init[1257]: Generation complete.
[   11.074146] cloud-init[1257]: Cloud-init v. 18.5-45-g3554ffe8-0ubuntu1~16.04.1 running 'modules:config' at Thu, 30 May 2019 09:18:19 +0000. Up 9.74 seconds.
[[0;32m  OK  [0m] Started Apply the settings specified in cloud-config.
         Starting Execute cloud user/final scripts...
ci-info: no authorized ssh keys fingerprints found for user ubuntu.
<14>May 30 09:18:21 ec2: 
<14>May 30 09:18:21 ec2: #############################################################
<14>May 30 09:18:21 ec2: -----BEGIN SSH HOST KEY FINGERPRINTS-----
<14>May 30 09:18:21 ec2: 1024 SHA256:wPBuD+MYJJhD9zY9UH00DzpG+g2pEfFGbGTkEjjiG8E root@ubuntu-xenial (DSA)
<14>May 30 09:18:21 ec2: 256 SHA256:nl8GLTrZKY1Pdci1jHGfoFy1cKrgPWvneMSzD0eGXEg root@ubuntu-xenial (ECDSA)
<14>May 30 09:18:21 ec2: 256 SHA256:qDHnVJ0UZpG7rB+h0/HnJfUP+6aaDlLxqBrkqkqJeaw root@ubuntu-xenial (ED25519)
<14>May 30 09:18:21 ec2: 2048 SHA256:T3k47tk64BQCA7xSNW8G7Z2UBjNgmLT1IbtCanTVFPo root@ubuntu-xenial (RSA)
<14>May 30 09:18:21 ec2: -----END SSH HOST KEY FINGERPRINTS-----
<14>May 30 09:18:21 ec2: #############################################################
-----BEGIN SSH HOST KEY KEYS-----
ecdsa-sha2-nistp256 AAAAE2VjZHNhLXNoYTItbmlzdHAyNTYAAAAIbmlzdHAyNTYAAABBBFVcUjLnLVQyBDQGhsvUIRDNtyzfi55hm6oz1V1ZUBOeAQf1VNeCF0XyO1L8gWh4TOqWA+VrRyV5KMi99yBZZO4= root@ubuntu-xenial
ssh-ed25519 AAAAC3NzaC1lZDI1NTE5AAAAIJuy3z85ociPM0DFAdUfZgqBByQZI8EUvUFjTGrpdIsA root@ubuntu-xenial
ssh-rsa AAAAB3NzaC1yc2EAAAADAQABAAABAQCmlvUUYV/yTRzqzLCPIiXJfGdKIfCZhgVVdcJsqbX+ch0W2Qpx2NVaQ7vMdtPoawvM0M8+VKmG9D93ymhRPYtB3o4Ni5QMzOZWSJq/ChNoH6T1F1OwyX7sFJ8Hu+zOiMqIKh8Xgy3v7aOug9OfcrC37mIVxrZEbtB86RVOGxz9kudeaN4nb8augiIBk7J6vQvVwA52L/60CXnqNylY8hRNfWt3AMlTp0XlfC8zJWeAfKNafS8e77BTj5pgwsov4fhorKRUBssUT9iBthddsaah2vwkSuT+y1BKo/d8MfgAhpTt1hh5PeHZLqNl7rji8Ks8r+eH+48nvD9JIwXqlHi5 root@ubuntu-xenial
-----END SSH HOST KEY KEYS-----
[   11.611786] cloud-init[1300]: Cloud-init v. 18.5-45-g3554ffe8-0ubuntu1~16.04.1 running 'modules:final' at Thu, 30 May 2019 09:18:21 +0000. Up 11.46 seconds.
[   11.613627] cloud-init[1300]: ci-info: no authorized ssh keys fingerprints found for user ubuntu.
[   11.614776] cloud-init[1300]: Cloud-init v. 18.5-45-g3554ffe8-0ubuntu1~16.04.1 finished at Thu, 30 May 2019 09:18:21 +0000. Datasource DataSourceNoCloud [seed=/dev/sdb][dsmode=net].  Up 11.60 seconds
[[0;32m  OK  [0m] Started Execute cloud user/final scripts.
[[0;32m  OK  [0m] Reached target Cloud-init target.

Ubuntu 16.04.6 LTS ubuntu-xenial ttyS0

ubuntu-xenial login: 